android/app/build/intermediates/manifest_merge_blame_file/debug/manifest-merger-blame-debug-report.txt
1<?xml version="1.0" encoding="utf-8"?>
2<manifest xmlns:android="http://schemas.android.com/apk/res/android"
3    package="com.example.braille_app"
4    android:versionCode="1"
5    android:versionName="1.0" >
6
7    <uses-sdk
8        android:minSdkVersion="23"
9        android:targetSdkVersion="34" />
10    <!--
11         The INTERNET permission is required for development. Specifically,
12         the Flutter tool needs it to communicate with the running application
13         to allow setting breakpoints, to provide hot reload, etc.
14    -->
15    <uses-permission android:name="android.permission.INTERNET" />
15-->src\main\AndroidManifest.xml:3:9-70
15-->src\main\AndroidManifest.xml:3:26-68
16    <uses-permission android:name="android.permission.ACCESS_NETWORK_STATE" />
16-->[com.google.firebase:firebase-auth:23.2.0] AndroidManifest.xml:26:5-79
16-->[com.google.firebase:firebase-auth:23.2.0] AndroidManifest.xml:26:22-76
17
18    <queries>
18-->[com.facebook.android:facebook-common:17.0.1] AndroidManifest.xml:17:5-19:15
19        <package android:name="com.facebook.katana" />
19-->[com.facebook.android:facebook-common:17.0.1] AndroidManifest.xml:18:9-55
19-->[com.facebook.android:facebook-common:17.0.1] AndroidManifest.xml:18:18-52
20    </queries>
21
22    <uses-permission android:name="com.google.android.providers.gsf.permission.READ_GSERVICES" />
22-->[com.google.android.recaptcha:recaptcha:18.6.1] AndroidManifest.xml:9:5-98
22-->[com.google.android.recaptcha:recaptcha:18.6.1] AndroidManifest.xml:9:22-95
23    <uses-permission android:name="com.google.android.gms.permission.AD_ID" />
23-->[com.facebook.android:facebook-core:17.0.1] AndroidManifest.xml:16:5-79
23-->[com.facebook.android:facebook-core:17.0.1] AndroidManifest.xml:16:22-76
24
25    <permission
25-->[androidx.core:core:1.13.1] AndroidManifest.xml:22:5-24:47
26        android:name="com.example.braille_app.DYNAMIC_RECEIVER_NOT_EXPORTED_PERMISSION"
26-->[androidx.core:core:1.13.1] AndroidManifest.xml:23:9-81
27        android:protectionLevel="signature" />
27-->[androidx.core:core:1.13.1] AndroidManifest.xml:24:9-44
28
29    <uses-permission android:name="com.example.braille_app.DYNAMIC_RECEIVER_NOT_EXPORTED_PERMISSION" />
29-->[androidx.core:core:1.13.1] AndroidManifest.xml:26:5-97
29-->[androidx.core:core:1.13.1] AndroidManifest.xml:26:22-94
30    <uses-permission android:name="com.google.android.finsky.permission.BIND_GET_INSTALL_REFERRER_SERVICE" />
30-->[com.android.installreferrer:installreferrer:1.0] AndroidManifest.xml:9:5-110
30-->[com.android.installreferrer:installreferrer:1.0] AndroidManifest.xml:9:22-107
31
32    <application
33        android:name="android.app.Application"
34        android:appComponentFactory="androidx.core.app.CoreComponentFactory"
34-->[androidx.core:core:1.13.1] AndroidManifest.xml:28:18-86
35        android:debuggable="true"
36        android:enableOnBackInvokedCallback="true"
37        android:extractNativeLibs="false"
38        android:icon="@mipmap/ic_launcher"
39        android:label="braille_app"
40        android:supportsRtl="true" >
40-->[com.facebook.android:facebook-login:17.0.1] AndroidManifest.xml:16:18-44
41        <activity
42            android:name="com.example.braille_app.MainActivity"
43            android:configChanges="orientation|keyboardHidden|keyboard|screenSize|smallestScreenSize|locale|layoutDirection|fontScale|screenLayout|density|uiMode"
44            android:exported="true"
45            android:hardwareAccelerated="true"
46            android:launchMode="singleTop"
47            android:theme="@style/LaunchTheme"
48            android:windowSoftInputMode="adjustResize" >
49
50            <!--
51                 Specifies an Android theme to apply to this Activity as soon as
52                 the Android process has started. This theme is visible to the user
53                 while the Flutter UI initializes. After that, this theme continues
54                 to determine the Window background behind the Flutter UI.
55            -->
56            <meta-data
57                android:name="io.flutter.embedding.android.NormalTheme"
58                android:resource="@style/NormalTheme" />
59
60            <intent-filter>
61                <action android:name="android.intent.action.MAIN" />
62
63                <category android:name="android.intent.category.LAUNCHER" />
64            </intent-filter>
65        </activity>
66        <!--
67             Don't delete the meta-data below.
68             This is used by the Flutter tool to generate GeneratedPluginRegistrant.java
69        -->
70        <meta-data
71            android:name="flutterEmbedding"
72            android:value="2" />
73
74        <service
74-->[:firebase_auth] AndroidManifest.xml:8:9-12:19
75            android:name="com.google.firebase.components.ComponentDiscoveryService"
75-->[:firebase_auth] AndroidManifest.xml:8:18-89
76            android:directBootAware="true"
76-->[com.google.firebase:firebase-common:21.0.0] AndroidManifest.xml:32:13-43
77            android:exported="false" >
77-->[com.google.firebase:firebase-auth:23.2.0] AndroidManifest.xml:68:13-37
78            <meta-data
78-->[:firebase_auth] AndroidManifest.xml:9:13-11:85
79                android:name="com.google.firebase.components:io.flutter.plugins.firebase.auth.FlutterFirebaseAuthRegistrar"
79-->[:firebase_auth] AndroidManifest.xml:10:17-124
80                android:value="com.google.firebase.components.ComponentRegistrar" />
80-->[:firebase_auth] AndroidManifest.xml:11:17-82
81            <meta-data
81-->[:firebase_core] AndroidManifest.xml:9:13-11:85
82                android:name="com.google.firebase.components:io.flutter.plugins.firebase.core.FlutterFirebaseCoreRegistrar"
82-->[:firebase_core] AndroidManifest.xml:10:17-124
83                android:value="com.google.firebase.components.ComponentRegistrar" />
83-->[:firebase_core] AndroidManifest.xml:11:17-82
84            <meta-data
84-->[com.google.firebase:firebase-auth:23.2.0] AndroidManifest.xml:69:13-71:85
85                android:name="com.google.firebase.components:com.google.firebase.auth.FirebaseAuthRegistrar"
85-->[com.google.firebase:firebase-auth:23.2.0] AndroidManifest.xml:70:17-109
86                android:value="com.google.firebase.components.ComponentRegistrar" />
86-->[com.google.firebase:firebase-auth:23.2.0] AndroidManifest.xml:71:17-82
87            <meta-data
87-->[com.google.firebase:firebase-common-ktx:21.0.0] AndroidManifest.xml:12:13-14:85
88                android:name="com.google.firebase.components:com.google.firebase.ktx.FirebaseCommonLegacyRegistrar"
88-->[com.google.firebase:firebase-common-ktx:21.0.0] AndroidManifest.xml:13:17-116
89                android:value="com.google.firebase.components.ComponentRegistrar" />
89-->[com.google.firebase:firebase-common-ktx:21.0.0] AndroidManifest.xml:14:17-82
90            <meta-data
90-->[com.google.firebase:firebase-common:21.0.0] AndroidManifest.xml:35:13-37:85
91                android:name="com.google.firebase.components:com.google.firebase.FirebaseCommonKtxRegistrar"
91-->[com.google.firebase:firebase-common:21.0.0] AndroidManifest.xml:36:17-109
92                android:value="com.google.firebase.components.ComponentRegistrar" />
92-->[com.google.firebase:firebase-common:21.0.0] AndroidManifest.xml:37:17-82
93        </service>
94
95        <activity
95-->[com.google.firebase:firebase-auth:23.2.0] AndroidManifest.xml:29:9-46:20
96            android:name="com.google.firebase.auth.internal.GenericIdpActivity"
96-->[com.google.firebase:firebase-auth:23.2.0] AndroidManifest.xml:30:13-80
97            android:excludeFromRecents="true"
97-->[com.google.firebase:firebase-auth:23.2.0] AndroidManifest.xml:31:13-46
98            android:exported="true"
98-->[com.google.firebase:firebase-auth:23.2.0] AndroidManifest.xml:32:13-36
99            android:launchMode="singleTask"
99-->[com.google.firebase:firebase-auth:23.2.0] AndroidManifest.xml:33:13-44
100            android:theme="@android:style/Theme.Translucent.NoTitleBar" >
100-->[com.google.firebase:firebase-auth:23.2.0] AndroidManifest.xml:34:13-72
101            <intent-filter>
101-->[com.google.firebase:firebase-auth:23.2.0] AndroidManifest.xml:35:13-45:29
102                <action android:name="android.intent.action.VIEW" />
102-->[com.google.firebase:firebase-auth:23.2.0] AndroidManifest.xml:36:17-69
102-->[com.google.firebase:firebase-auth:23.2.0] AndroidManifest.xml:36:25-66
103
104                <category android:name="android.intent.category.DEFAULT" />
104-->[com.google.firebase:firebase-auth:23.2.0] AndroidManifest.xml:38:17-76
104-->[com.google.firebase:firebase-auth:23.2.0] AndroidManifest.xml:38:27-73
105                <category android:name="android.intent.category.BROWSABLE" />
105-->[com.google.firebase:firebase-auth:23.2.0] AndroidManifest.xml:39:17-78
105-->[com.google.firebase:firebase-auth:23.2.0] AndroidManifest.xml:39:27-75
106
107                <data
107-->[com.google.firebase:firebase-auth:23.2.0] AndroidManifest.xml:41:17-44:51
108                    android:host="firebase.auth"
108-->[com.google.firebase:firebase-auth:23.2.0] AndroidManifest.xml:42:21-49
109                    android:path="/"
109-->[com.google.firebase:firebase-auth:23.2.0] AndroidManifest.xml:43:21-37
110                    android:scheme="genericidp" />
110-->[com.google.firebase:firebase-auth:23.2.0] AndroidManifest.xml:44:21-48
111            </intent-filter>
112        </activity>
113        <activity
113-->[com.google.firebase:firebase-auth:23.2.0] AndroidManifest.xml:47:9-64:20
114            android:name="com.google.firebase.auth.internal.RecaptchaActivity"
114-->[com.google.firebase:firebase-auth:23.2.0] AndroidManifest.xml:48:13-79
115            android:excludeFromRecents="true"
115-->[com.google.firebase:firebase-auth:23.2.0] AndroidManifest.xml:49:13-46
116            android:exported="true"
116-->[com.google.firebase:firebase-auth:23.2.0] AndroidManifest.xml:50:13-36
117            android:launchMode="singleTask"
117-->[com.google.firebase:firebase-auth:23.2.0] AndroidManifest.xml:51:13-44
118            android:theme="@android:style/Theme.Translucent.NoTitleBar" >
118-->[com.google.firebase:firebase-auth:23.2.0] AndroidManifest.xml:52:13-72
119            <intent-filter>
119-->[com.google.firebase:firebase-auth:23.2.0] AndroidManifest.xml:53:13-63:29
120                <action android:name="android.intent.action.VIEW" />
120-->[com.google.firebase:firebase-auth:23.2.0] AndroidManifest.xml:36:17-69
120-->[com.google.firebase:firebase-auth:23.2.0] AndroidManifest.xml:36:25-66
121
122                <category android:name="android.intent.category.DEFAULT" />
122-->[com.google.firebase:firebase-auth:23.2.0] AndroidManifest.xml:38:17-76
122-->[com.google.firebase:firebase-auth:23.2.0] AndroidManifest.xml:38:27-73
123                <category android:name="android.intent.category.BROWSABLE" />
123-->[com.google.firebase:firebase-auth:23.2.0] AndroidManifest.xml:39:17-78
123-->[com.google.firebase:firebase-auth:23.2.0] AndroidManifest.xml:39:27-75
124
125                <data
125-->[com.google.firebase:firebase-auth:23.2.0] AndroidManifest.xml:41:17-44:51
126                    android:host="firebase.auth"
126-->[com.google.firebase:firebase-auth:23.2.0] AndroidManifest.xml:42:21-49
127                    android:path="/"
127-->[com.google.firebase:firebase-auth:23.2.0] AndroidManifest.xml:43:21-37
128                    android:scheme="recaptcha" />
128-->[com.google.firebase:firebase-auth:23.2.0] AndroidManifest.xml:44:21-48
129            </intent-filter>
130        </activity>
131
132        <provider
132-->[com.google.firebase:firebase-common:21.0.0] AndroidManifest.xml:23:9-28:39
133            android:name="com.google.firebase.provider.FirebaseInitProvider"
133-->[com.google.firebase:firebase-common:21.0.0] AndroidManifest.xml:24:13-77
134            android:authorities="com.example.braille_app.firebaseinitprovider"
134-->[com.google.firebase:firebase-common:21.0.0] AndroidManifest.xml:25:13-72
135            android:directBootAware="true"
135-->[com.google.firebase:firebase-common:21.0.0] AndroidManifest.xml:26:13-43
136            android:exported="false"
136-->[com.google.firebase:firebase-common:21.0.0] AndroidManifest.xml:27:13-37
137            android:initOrder="100" />
137-->[com.google.firebase:firebase-common:21.0.0] AndroidManifest.xml:28:13-36
138        <provider
138-->[:printing] AndroidManifest.xml:8:9-16:20
139            android:name="net.nfet.flutter.printing.PrintFileProvider"
139-->[:printing] AndroidManifest.xml:9:13-71
140            android:authorities="com.example.braille_app.flutter.printing"
140-->[:printing] AndroidManifest.xml:10:13-68
141            android:exported="false"
141-->[:printing] AndroidManifest.xml:11:13-37
142            android:grantUriPermissions="true" >
142-->[:printing] AndroidManifest.xml:12:13-47
143            <meta-data
143-->[:printing] AndroidManifest.xml:13:13-15:71
144                android:name="android.support.FILE_PROVIDER_PATHS"
144-->[:printing] AndroidManifest.xml:14:17-67
145                android:resource="@xml/flutter_printing_file_paths" />
145-->[:printing] AndroidManifest.xml:15:17-68
146        </provider>
147
148        <service
148-->[androidx.credentials:credentials-play-services-auth:1.2.0-rc01] AndroidManifest.xml:24:9-32:19
149            android:name="androidx.credentials.playservices.CredentialProviderMetadataHolder"
149-->[androidx.credentials:credentials-play-services-auth:1.2.0-rc01] AndroidManifest.xml:25:13-94
150            android:enabled="true"
150-->[androidx.credentials:credentials-play-services-auth:1.2.0-rc01] AndroidManifest.xml:26:13-35
151            android:exported="false" >
151-->[androidx.credentials:credentials-play-services-auth:1.2.0-rc01] AndroidManifest.xml:27:13-37
152            <meta-data
152-->[androidx.credentials:credentials-play-services-auth:1.2.0-rc01] AndroidManifest.xml:29:13-31:104
153                android:name="androidx.credentials.CREDENTIAL_PROVIDER_KEY"
153-->[androidx.credentials:credentials-play-services-auth:1.2.0-rc01] AndroidManifest.xml:30:17-76
154                android:value="androidx.credentials.playservices.CredentialProviderPlayServicesImpl" />
154-->[androidx.credentials:credentials-play-services-auth:1.2.0-rc01] AndroidManifest.xml:31:17-101
155        </service>
156
157        <activity
157-->[androidx.credentials:credentials-play-services-auth:1.2.0-rc01] AndroidManifest.xml:34:9-41:20
158            android:name="androidx.credentials.playservices.HiddenActivity"
158-->[androidx.credentials:credentials-play-services-auth:1.2.0-rc01] AndroidManifest.xml:35:13-76
159            android:configChanges="orientation|screenSize|screenLayout|keyboardHidden"
159-->[androidx.credentials:credentials-play-services-auth:1.2.0-rc01] AndroidManifest.xml:36:13-87
160            android:enabled="true"
160-->[androidx.credentials:credentials-play-services-auth:1.2.0-rc01] AndroidManifest.xml:37:13-35
161            android:exported="false"
161-->[androidx.credentials:credentials-play-services-auth:1.2.0-rc01] AndroidManifest.xml:38:13-37
162            android:fitsSystemWindows="true"
162-->[androidx.credentials:credentials-play-services-auth:1.2.0-rc01] AndroidManifest.xml:39:13-45
163            android:theme="@style/Theme.Hidden" >
163-->[androidx.credentials:credentials-play-services-auth:1.2.0-rc01] AndroidManifest.xml:40:13-48
164        </activity>
165        <activity
165-->[com.google.android.gms:play-services-auth:21.0.0] AndroidManifest.xml:23:9-27:75
166            android:name="com.google.android.gms.auth.api.signin.internal.SignInHubActivity"
166-->[com.google.android.gms:play-services-auth:21.0.0] AndroidManifest.xml:24:13-93
167            android:excludeFromRecents="true"
167-->[com.google.android.gms:play-services-auth:21.0.0] AndroidManifest.xml:25:13-46
168            android:exported="false"
168-->[com.google.android.gms:play-services-auth:21.0.0] AndroidManifest.xml:26:13-37
169            android:theme="@android:style/Theme.Translucent.NoTitleBar" />
169-->[com.google.android.gms:play-services-auth:21.0.0] AndroidManifest.xml:27:13-72
170        <!--
171            Service handling Google Sign-In user revocation. For apps that do not integrate with
172            Google Sign-In, this service will never be started.
173        -->
174        <service
174-->[com.google.android.gms:play-services-auth:21.0.0] AndroidManifest.xml:33:9-37:51
175            android:name="com.google.android.gms.auth.api.signin.RevocationBoundService"
175-->[com.google.android.gms:play-services-auth:21.0.0] AndroidManifest.xml:34:13-89
176            android:exported="true"
176-->[com.google.android.gms:play-services-auth:21.0.0] AndroidManifest.xml:35:13-36
177            android:permission="com.google.android.gms.auth.api.signin.permission.REVOCATION_NOTIFICATION"
177-->[com.google.android.gms:play-services-auth:21.0.0] AndroidManifest.xml:36:13-107
178            android:visibleToInstantApps="true" />
178-->[com.google.android.gms:play-services-auth:21.0.0] AndroidManifest.xml:37:13-48
179
180        <activity
180-->[com.facebook.android:facebook-common:17.0.1] AndroidManifest.xml:22:9-25:66
181            android:name="com.facebook.FacebookActivity"
181-->[com.facebook.android:facebook-common:17.0.1] AndroidManifest.xml:23:13-57
182            android:configChanges="keyboard|keyboardHidden|screenLayout|screenSize|orientation"
182-->[com.facebook.android:facebook-common:17.0.1] AndroidManifest.xml:24:13-96
183            android:theme="@style/com_facebook_activity_theme" />
183-->[com.facebook.android:facebook-common:17.0.1] AndroidManifest.xml:25:13-63
184        <activity android:name="com.facebook.CustomTabMainActivity" />
184-->[com.facebook.android:facebook-common:17.0.1] AndroidManifest.xml:26:9-71
184-->[com.facebook.android:facebook-common:17.0.1] AndroidManifest.xml:26:19-68
185        <activity
185-->[com.facebook.android:facebook-common:17.0.1] AndroidManifest.xml:27:9-41:20
186            android:name="com.facebook.CustomTabActivity"
186-->[com.facebook.android:facebook-common:17.0.1] AndroidManifest.xml:28:13-58
187            android:exported="true" >
187-->[com.facebook.android:facebook-common:17.0.1] AndroidManifest.xml:29:13-36
188            <intent-filter>
188-->[com.facebook.android:facebook-common:17.0.1] AndroidManifest.xml:31:13-40:29
189                <action android:name="android.intent.action.VIEW" />
189-->[com.google.firebase:firebase-auth:23.2.0] AndroidManifest.xml:36:17-69
189-->[com.google.firebase:firebase-auth:23.2.0] AndroidManifest.xml:36:25-66
190
191                <category android:name="android.intent.category.DEFAULT" />
191-->[com.google.firebase:firebase-auth:23.2.0] AndroidManifest.xml:38:17-76
191-->[com.google.firebase:firebase-auth:23.2.0] AndroidManifest.xml:38:27-73
192                <category android:name="android.intent.category.BROWSABLE" />
192-->[com.google.firebase:firebase-auth:23.2.0] AndroidManifest.xml:39:17-78
192-->[com.google.firebase:firebase-auth:23.2.0] AndroidManifest.xml:39:27-75
193
194                <data
194-->[com.google.firebase:firebase-auth:23.2.0] AndroidManifest.xml:41:17-44:51
195                    android:host="cct.com.example.braille_app"
195-->[com.google.firebase:firebase-auth:23.2.0] AndroidManifest.xml:42:21-49
196                    android:scheme="fbconnect" />
196-->[com.google.firebase:firebase-auth:23.2.0] AndroidManifest.xml:44:21-48
197            </intent-filter>
198        </activity>
199        <activity
199-->[com.google.android.gms:play-services-base:18.0.1] AndroidManifest.xml:20:9-22:45
200            android:name="com.google.android.gms.common.api.GoogleApiActivity"
200-->[com.google.android.gms:play-services-base:18.0.1] AndroidManifest.xml:20:19-85
201            android:exported="false"
201-->[com.google.android.gms:play-services-base:18.0.1] AndroidManifest.xml:22:19-43
202            android:theme="@android:style/Theme.Translucent.NoTitleBar" />
202-->[com.google.android.gms:play-services-base:18.0.1] AndroidManifest.xml:21:19-78
203        <!--
204         The initialization ContentProvider will call FacebookSdk.sdkInitialize automatically
205         with the application context. This config is merged in with the host app's manifest,
206         but there can only be one provider with the same authority activated at any given
207         point; so if the end user has two or more different apps that use Facebook SDK, only the
208         first one will be able to use the provider. To work around this problem, we use the
209         following placeholder in the authority to identify each host application as if it was
210         a completely different provider.
211        -->
212        <provider
212-->[com.facebook.android:facebook-core:17.0.1] AndroidManifest.xml:29:9-32:40
213            android:name="com.facebook.internal.FacebookInitProvider"
213-->[com.facebook.android:facebook-core:17.0.1] AndroidManifest.xml:30:13-70
214            android:authorities="com.example.braille_app.FacebookInitProvider"
214-->[com.facebook.android:facebook-core:17.0.1] AndroidManifest.xml:31:13-72
215            android:exported="false" />
215-->[com.facebook.android:facebook-core:17.0.1] AndroidManifest.xml:32:13-37
216
217        <receiver
217-->[com.facebook.android:facebook-core:17.0.1] AndroidManifest.xml:34:9-40:20
218            android:name="com.facebook.CurrentAccessTokenExpirationBroadcastReceiver"
218-->[com.facebook.android:facebook-core:17.0.1] AndroidManifest.xml:35:13-86
219            android:exported="false" >
219-->[com.facebook.android:facebook-core:17.0.1] AndroidManifest.xml:36:13-37
220            <intent-filter>
220-->[com.facebook.android:facebook-core:17.0.1] AndroidManifest.xml:37:13-39:29
221                <action android:name="com.facebook.sdk.ACTION_CURRENT_ACCESS_TOKEN_CHANGED" />
221-->[com.facebook.android:facebook-core:17.0.1] AndroidManifest.xml:38:17-95
221-->[com.facebook.android:facebook-core:17.0.1] AndroidManifest.xml:38:25-92
222            </intent-filter>
223        </receiver>
224        <receiver
224-->[com.facebook.android:facebook-core:17.0.1] AndroidManifest.xml:41:9-47:20
225            android:name="com.facebook.AuthenticationTokenManager$CurrentAuthenticationTokenChangedBroadcastReceiver"
225-->[com.facebook.android:facebook-core:17.0.1] AndroidManifest.xml:42:13-118
226            android:exported="false" >
226-->[com.facebook.android:facebook-core:17.0.1] AndroidManifest.xml:43:13-37
227            <intent-filter>
227-->[com.facebook.android:facebook-core:17.0.1] AndroidManifest.xml:44:13-46:29
228                <action android:name="com.facebook.sdk.ACTION_CURRENT_AUTHENTICATION_TOKEN_CHANGED" />
228-->[com.facebook.android:facebook-core:17.0.1] AndroidManifest.xml:45:17-103
228-->[com.facebook.android:facebook-core:17.0.1] AndroidManifest.xml:45:25-100
229            </intent-filter>
230        </receiver>
231
232        <uses-library
232-->[androidx.window:window:1.2.0] AndroidManifest.xml:23:9-25:40
233            android:name="androidx.window.extensions"
233-->[androidx.window:window:1.2.0] AndroidManifest.xml:24:13-54
234            android:required="false" />
234-->[androidx.window:window:1.2.0] AndroidManifest.xml:25:13-37
235        <uses-library
235-->[androidx.window:window:1.2.0] AndroidManifest.xml:26:9-28:40
236            android:name="androidx.window.sidecar"
236-->[androidx.window:window:1.2.0] AndroidManifest.xml:27:13-51
237            android:required="false" />
237-->[androidx.window:window:1.2.0] AndroidManifest.xml:28:13-37
238
239        <meta-data
239-->[com.google.android.gms:play-services-basement:18.4.0] AndroidManifest.xml:6:9-122
240            android:name="com.google.android.gms.version"
240-->[com.google.android.gms:play-services-basement:18.4.0] AndroidManifest.xml:6:20-65
241            android:value="@integer/google_play_services_version" />
241-->[com.google.android.gms:play-services-basement:18.4.0] AndroidManifest.xml:6:66-119
242
243        <provider
243-->[androidx.lifecycle:lifecycle-process:2.7.0] AndroidManifest.xml:24:9-32:20
244            android:name="androidx.startup.InitializationProvider"
244-->[androidx.lifecycle:lifecycle-process:2.7.0] AndroidManifest.xml:25:13-67
245            android:authorities="com.example.braille_app.androidx-startup"
245-->[androidx.lifecycle:lifecycle-process:2.7.0] AndroidManifest.xml:26:13-68
246            android:exported="false" >
246-->[androidx.lifecycle:lifecycle-process:2.7.0] AndroidManifest.xml:27:13-37
247            <meta-data
247-->[androidx.lifecycle:lifecycle-process:2.7.0] AndroidManifest.xml:29:13-31:52
248                android:name="androidx.lifecycle.ProcessLifecycleInitializer"
248-->[androidx.lifecycle:lifecycle-process:2.7.0] AndroidManifest.xml:30:17-78
249                android:value="androidx.startup" />
249-->[androidx.lifecycle:lifecycle-process:2.7.0] AndroidManifest.xml:31:17-49
250            <meta-data
250-->[androidx.profileinstaller:profileinstaller:1.3.1] AndroidManifest.xml:29:13-31:52
251                android:name="androidx.profileinstaller.ProfileInstallerInitializer"
251-->[androidx.profileinstaller:profileinstaller:1.3.1] AndroidManifest.xml:30:17-85
252                android:value="androidx.startup" />
252-->[androidx.profileinstaller:profileinstaller:1.3.1] AndroidManifest.xml:31:17-49
253        </provider>
254
255        <receiver
255-->[androidx.profileinstaller:profileinstaller:1.3.1] AndroidManifest.xml:34:9-52:20
256            android:name="androidx.profileinstaller.ProfileInstallReceiver"
256-->[androidx.profileinstaller:profileinstaller:1.3.1] AndroidManifest.xml:35:13-76
257            android:directBootAware="false"
257-->[androidx.profileinstaller:profileinstaller:1.3.1] AndroidManifest.xml:36:13-44
258            android:enabled="true"
258-->[androidx.profileinstaller:profileinstaller:1.3.1] AndroidManifest.xml:37:13-35
259            android:exported="true"
259-->[androidx.profileinstaller:profileinstaller:1.3.1] AndroidManifest.xml:38:13-36
260            android:permission="android.permission.DUMP" >
260-->[androidx.profileinstaller:profileinstaller:1.3.1] AndroidManifest.xml:39:13-57
261            <intent-filter>
261-->[androidx.profileinstaller:profileinstaller:1.3.1] AndroidManifest.xml:40:13-42:29
262                <action android:name="androidx.profileinstaller.action.INSTALL_PROFILE" />
262-->[androidx.profileinstaller:profileinstaller:1.3.1] AndroidManifest.xml:41:17-91
262-->[androidx.profileinstaller:profileinstaller:1.3.1] AndroidManifest.xml:41:25-88
263            </intent-filter>
264            <intent-filter>
264-->[androidx.profileinstaller:profileinstaller:1.3.1] AndroidManifest.xml:43:13-45:29
265                <action android:name="androidx.profileinstaller.action.SKIP_FILE" />
265-->[androidx.profileinstaller:profileinstaller:1.3.1] AndroidManifest.xml:44:17-85
265-->[androidx.profileinstaller:profileinstaller:1.3.1] AndroidManifest.xml:44:25-82
266            </intent-filter>
267            <intent-filter>
267-->[androidx.profileinstaller:profileinstaller:1.3.1] AndroidManifest.xml:46:13-48:29
268                <action android:name="androidx.profileinstaller.action.SAVE_PROFILE" />
268-->[androidx.profileinstaller:profileinstaller:1.3.1] AndroidManifest.xml:47:17-88
268-->[androidx.profileinstaller:profileinstaller:1.3.1] AndroidManifest.xml:47:25-85
269            </intent-filter>
270            <intent-filter>
270-->[androidx.profileinstaller:profileinstaller:1.3.1] AndroidManifest.xml:49:13-51:29
271                <action android:name="androidx.profileinstaller.action.BENCHMARK_OPERATION" />
271-->[androidx.profileinstaller:profileinstaller:1.3.1] AndroidManifest.xml:50:17-95
271-->[androidx.profileinstaller:profileinstaller:1.3.1] AndroidManifest.xml:50:25-92
272            </intent-filter>
273        </receiver> <!-- The activities will be merged into the manifest of the hosting app. -->
274        <activity
274-->[com.google.android.play:core-common:2.0.3] AndroidManifest.xml:14:9-18:65
275            android:name="com.google.android.play.core.common.PlayCoreDialogWrapperActivity"
275-->[com.google.android.play:core-common:2.0.3] AndroidManifest.xml:15:13-93
276            android:exported="false"
276-->[com.google.android.play:core-common:2.0.3] AndroidManifest.xml:16:13-37
277            android:stateNotNeeded="true"
277-->[com.google.android.play:core-common:2.0.3] AndroidManifest.xml:17:13-42
278            android:theme="@style/Theme.PlayCore.Transparent" />
278-->[com.google.android.play:core-common:2.0.3] AndroidManifest.xml:18:13-62
279    </application>
280
281</manifest>